0 info it worked if it ends with ok
1 verbose cli [ '/usr/local/bin/node', '/usr/local/bin/npm', 'run', 'build' ]
2 info using npm@3.10.8
3 info using node@v6.8.0
4 verbose run-script [ 'prebuild', 'build', 'postbuild' ]
5 info lifecycle yt-webpack2-basics@1.0.0~prebuild: yt-webpack2-basics@1.0.0
6 silly lifecycle yt-webpack2-basics@1.0.0~prebuild: no script for prebuild, continuing
7 info lifecycle yt-webpack2-basics@1.0.0~build: yt-webpack2-basics@1.0.0
8 verbose lifecycle yt-webpack2-basics@1.0.0~build: unsafe-perm in lifecycle true
9 verbose lifecycle yt-webpack2-basics@1.0.0~build: PATH: /usr/local/lib/node_modules/npm/bin/node-gyp-bin:/home/om/Downloads/project/webpack/yt-webpack2-basics/node_modules/.bin:/usr/local/sbin:/usr/local/bin:/usr/sbin:/usr/bin:/sbin:/bin:/usr/games:/usr/local/games:/opt/android-sdk/tools:/opt/android-sdk/platform-tools:/opt/node/bin:/opt/gradle/bin:/opt/android-sdk/tools:/opt/android-sdk/platform-tools:/opt/node/bin:/opt/gradle/bin
10 verbose lifecycle yt-webpack2-basics@1.0.0~build: CWD: /home/om/Downloads/project/webpack/yt-webpack2-basics
11 silly lifecycle yt-webpack2-basics@1.0.0~build: Args: [ '-c', 'webpack-dev-server ' ]
12 silly lifecycle yt-webpack2-basics@1.0.0~build: Returned: code: 1  signal: null
13 info lifecycle yt-webpack2-basics@1.0.0~build: Failed to exec build script
14 verbose stack Error: yt-webpack2-basics@1.0.0 build: `webpack-dev-server `
14 verbose stack Exit status 1
14 verbose stack     at EventEmitter.<anonymous> (/usr/local/lib/node_modules/npm/lib/utils/lifecycle.js:255:16)
14 verbose stack     at emitTwo (events.js:106:13)
14 verbose stack     at EventEmitter.emit (events.js:191:7)
14 verbose stack     at ChildProcess.<anonymous> (/usr/local/lib/node_modules/npm/lib/utils/spawn.js:40:14)
14 verbose stack     at emitTwo (events.js:106:13)
14 verbose stack     at ChildProcess.emit (events.js:191:7)
14 verbose stack     at maybeClose (internal/child_process.js:877:16)
14 verbose stack     at Process.ChildProcess._handle.onexit (internal/child_process.js:226:5)
15 verbose pkgid yt-webpack2-basics@1.0.0
16 verbose cwd /home/om/Downloads/project/webpack/yt-webpack2-basics
17 error Linux 3.19.0-47-generic
18 error argv "/usr/local/bin/node" "/usr/local/bin/npm" "run" "build"
19 error node v6.8.0
20 error npm  v3.10.8
21 error code ELIFECYCLE
22 error yt-webpack2-basics@1.0.0 build: `webpack-dev-server `
22 error Exit status 1
23 error Failed at the yt-webpack2-basics@1.0.0 build script 'webpack-dev-server '.
23 error Make sure you have the latest version of node.js and npm installed.
23 error If you do, this is most likely a problem with the yt-webpack2-basics package,
23 error not with npm itself.
23 error Tell the author that this fails on your system:
23 error     webpack-dev-server
23 error You can get information on how to open an issue for this project with:
23 error     npm bugs yt-webpack2-basics
23 error Or if that isn't available, you can get their info via:
23 error     npm owner ls yt-webpack2-basics
23 error There is likely additional logging output above.
24 verbose exit [ 1, true ]
